<?xml version="1.0" encoding="UTF-8"?>
<!-- Generated by org.testng.reporters.JUnitReportReporter -->
<testsuite skipped="0" hostname="DESKTOP-7EA15E9" name="com.e_bank.qa.testpages.LoginPageTest" tests="1" failures="0" timestamp="15 Feb 2020 11:54:07 GMT" time="2.706" errors="0">
  <testcase name="loginTest" time="2.706" classname="com.e_bank.qa.testpages.LoginPageTest"/>
</testsuite> <!-- com.e_bank.qa.testpages.LoginPageTest -->
